<?xml version="1.0" encoding="UTF-8"?>
<!-- Generated by org.testng.reporters.JUnitReportReporter -->
<testsuite hostname="deladhaw456851" name="learn.amit.TestFramework.SanityTask" tests="2" failures="0" timestamp="17 Aug 2016 09:23:09 GMT" time="5.667" errors="0">
  <testcase name="userLoginWithValidCredentials" time="4.707" classname="learn.amit.TestFramework.SanityTask"/>
  <testcase name="clickOnMenuItemSkills" time="0.960" classname="learn.amit.TestFramework.SanityTask"/>
</testsuite> <!-- learn.amit.TestFramework.SanityTask -->
