<?xml version="1.0" encoding="UTF-8"?>
<!-- Generated by org.testng.reporters.JUnitReportReporter -->
<testsuite hostname="deladhaw456851" name="learn.amit.TestFramework.SanityTask" tests="1" failures="0" timestamp="12 Aug 2016 11:07:52 GMT" time="5.375" errors="0">
  <testcase name="userLoginWithValidCredentials" time="5.375" classname="learn.amit.TestFramework.SanityTask"/>
</testsuite> <!-- learn.amit.TestFramework.SanityTask -->
