<?xml version="1.0" encoding="UTF-8"?>
<!-- Generated by org.testng.reporters.JUnitReportReporter -->
<testsuite hostname="deladhaw456851" name="learn.amit.TestFramework.SanityTask" tests="2" failures="0" timestamp="16 Aug 2016 09:04:16 GMT" time="5.792" errors="0">
  <testcase name="userLoginWithValidCredentials" time="4.702" classname="learn.amit.TestFramework.SanityTask"/>
  <testcase name="clickOnMenuItemSkills" time="1.090" classname="learn.amit.TestFramework.SanityTask"/>
</testsuite> <!-- learn.amit.TestFramework.SanityTask -->
